<?xml version="1.0" encoding="utf-8"?><testsuites name="pytest tests"><testsuite name="pytest" errors="0" failures="2" skipped="0" tests="22" time="5.718" timestamp="2026-06-05T08:18:05.566512+00:00" hostname="agent-env-24d4e8bd-a912-4c53-867a-fd42406764f9"><testcase classname="backend.tests.backend_test.TestAuth" name="test_login_success_sets_cookies_and_returns_token" time="0.467" /><testcase classname="backend.tests.backend_test.TestAuth" name="test_login_invalid_password" time="0.343" /><testcase classname="backend.tests.backend_test.TestAuth" name="test_me_returns_admin" time="0.371" /><testcase classname="backend.tests.backend_test.TestWebhook" name="test_simulate_inbound_creates_conversation_and_appears_in_inbox" time="0.101" /><testcase classname="backend.tests.backend_test.TestOCR" name="test_ocr_process_returns_job_and_polls_done" time="2.329"><failure message="AssertionError: No rows returned: None&#10;assert (False)&#10; +  where False = isinstance(None, list)">backend/tests/backend_test.py:136: in test_ocr_process_returns_job_and_polls_done
    assert isinstance(rows, list) and len(rows) &gt; 0, f"No rows returned: {rows}"
E   AssertionError: No rows returned: None
E   assert (False)
E    +  where False = isinstance(None, list)</failure></testcase><testcase classname="backend.tests.backend_test.TestEnquiry" name="test_get_enquiry" time="0.150" /><testcase classname="backend.tests.backend_test.TestEnquiry" name="test_update_enquiry_items" time="0.147" /><testcase classname="backend.tests.backend_test.TestEnquiry" name="test_finalize_returns_quotation" time="0.145" /><testcase classname="backend.tests.backend_test.TestQuotation" name="test_get_quotation" time="0.050"><failure message="AssertionError: missing gst in ['id', 'enquiryId', 's3Key', 's3Url', 'number', 'gstPercent', 'subtotal', 'gstAmount', 'grandTotal', 'sentAt', 'createdAt', 'presignedUrl', 'enquiry', 'customer', 'items', 'deliveryStatus']&#10;assert ('gst' in {'createdAt': '2026-06-05T08:18:09.753295+00:00', 'customer': {'company': None, 'createdAt': '2026-06-05T08:18:06.907806+00:00', 'id': 'c3mryozfzz8dh5ua2fun5v294', 'name': None, ...}, 'deliveryStatus': None, 'enquiry': {'conversationId': 'c5w25w2j0hayxgsketbc1rb2e', 'createdAt': '2026-06-05T08:18:09.411605+00:00', 'createdById': 'cdvseit2dt2qj3lf1jp1fjgo0', 'customerId': 'c3mryozfzz8dh5ua2fun5v294', ...}, ...} or 'gst' in {'createdat', 'customer', 'deliverystatus', 'enquiry', 'enquiryid', 'grandtotal', ...})&#10; +  where 'gst' = &lt;built-in method lower of str object at 0xfa14d6272ff0&gt;()&#10; +    where &lt;built-in method lower of str object at 0xfa14d6272ff0&gt; = 'gst'.lower">backend/tests/backend_test.py:222: in test_get_quotation
    assert key in body or key.lower() in {k.lower() for k in body.keys()}, f"missing {key} in {list(body.keys())}"
E   AssertionError: missing gst in ['id', 'enquiryId', 's3Key', 's3Url', 'number', 'gstPercent', 'subtotal', 'gstAmount', 'grandTotal', 'sentAt', 'createdAt', 'presignedUrl', 'enquiry', 'customer', 'items', 'deliveryStatus']
E   assert ('gst' in {'createdAt': '2026-06-05T08:18:09.753295+00:00', 'customer': {'company': None, 'createdAt': '2026-06-05T08:18:06.907806+00:00', 'id': 'c3mryozfzz8dh5ua2fun5v294', 'name': None, ...}, 'deliveryStatus': None, 'enquiry': {'conversationId': 'c5w25w2j0hayxgsketbc1rb2e', 'createdAt': '2026-06-05T08:18:09.411605+00:00', 'createdById': 'cdvseit2dt2qj3lf1jp1fjgo0', 'customerId': 'c3mryozfzz8dh5ua2fun5v294', ...}, ...} or 'gst' in {'createdat', 'customer', 'deliverystatus', 'enquiry', 'enquiryid', 'grandtotal', ...})
E    +  where 'gst' = &lt;built-in method lower of str object at 0xfa14d6272ff0&gt;()
E    +    where &lt;built-in method lower of str object at 0xfa14d6272ff0&gt; = 'gst'.lower</failure></testcase><testcase classname="backend.tests.backend_test.TestQuotation" name="test_send_quotation" time="0.156" /><testcase classname="backend.tests.backend_test.TestCustomers" name="test_list_customers" time="0.049" /><testcase classname="backend.tests.backend_test.TestCustomers" name="test_customer_detail" time="0.102" /><testcase classname="backend.tests.backend_test.TestInventory" name="test_list" time="0.049" /><testcase classname="backend.tests.backend_test.TestInventory" name="test_search" time="0.049" /><testcase classname="backend.tests.backend_test.TestInventory" name="test_admin_create_inventory" time="0.047" /><testcase classname="backend.tests.backend_test.TestInventory" name="test_update_rate_and_history" time="0.107" /><testcase classname="backend.tests.backend_test.TestAutomation" name="test_create_rule" time="0.047" /><testcase classname="backend.tests.backend_test.TestAutomation" name="test_toggle_rule" time="0.048" /><testcase classname="backend.tests.backend_test.TestAutomation" name="test_jobs_contain_pending" time="0.046" /><testcase classname="backend.tests.backend_test.TestAdminUsers" name="test_list_users" time="0.047" /><testcase classname="backend.tests.backend_test.TestAdminUsers" name="test_create_staff" time="0.270" /><testcase classname="backend.tests.backend_test.TestAdminUsers" name="test_non_admin_forbidden" time="0.429" /></testsuite></testsuites>